[2026-04-01 13:41:24 UTC] Health check OK — all containers up, DragonflyDB PONG, disk 73% (cleaned ~4GB build cache, was 85%), mem 26Gi available, striker.db 140K OK
[2026-04-01 16:06:44 UTC] Health check OK — docker✓ dragonfly✓ disk:73%✓ mem:26Gi avail✓ brain.db✓
[2026-04-01 16:37:09 UTC] Health check OK — all containers up, dragonfly PONG, disk 73%, mem 26Gi available, brain db exists (148K)
[2026-04-01 17:07:31 UTC] Health check OK — all containers up, dragonfly PONG, disk 73%, mem 26Gi avail, brain db exists (148K)
[2026-04-01 17:38:21 UTC] Health check OK — all containers up, dragonfly PONG, disk 73%, mem 26Gi avail, striker.db present (152K)
[2026-04-01 18:14:36 UTC] Health check OK — docker✓ dragonfly✓ disk=73%✓ mem=26Gi avail✓ brain.db✓
[2026-04-01 18:44:58 UTC] Health check OK — all containers up, dragonfly PONG, disk 73%, mem 26Gi avail, brain db exists (148K)
2026-04-01T20:16:29+00:00 health check OK | docker=ok dragonfly=ok disk=73% mem_avail=26Gi db=ok
2026-04-01T20:47:24+00:00 health check OK
[2026-04-01 21:48:17] health-check: ALL OK
[2026-04-01 22:19:08 UTC] Health check: ALL OK — docker(6 containers up), dragonfly(PONG), disk(73%), mem(26Gi avail), brain.db(ok)
[2026-04-01 22:50:35 UTC] Health check: ALL OK | Docker: 6 containers up | DragonflyDB: PONG | Disk: 73% | RAM: 26Gi available | brain/striker.db: 148K
[2026-04-01 23:22:40 UTC] Health check: ALL OK | Docker: 6 containers up | DragonflyDB: PONG | Disk: 73% (33G/45G) | RAM: 26Gi available | brain/striker.db: 148K, accessible
[2026-04-01 23:53:46 UTC] Health check OK — docker(6/6), dragonfly(PONG), disk(73%), mem(26Gi avail), brain.db(148K)
[2026-04-02 00:25:55 UTC] Health check OK — all containers up, DragonflyDB PONG, disk 73%, mem 26Gi avail, brain db intact
[2026-04-02 01:03:22 UTC] Health check: ALL OK — docker(7 containers up), dragonfly(PONG), disk(73%/12G free), mem(26Gi/31Gi avail), brain.db(156K)
[2026-04-02 01:34:19 UTC] Health check: ALL OK — docker(7 containers), dragonfly(PONG), disk(73%), mem(26Gi avail), brain.db(ok)
[2026-04-02 02:04:57 UTC] Health check: ALL OK — docker(7 containers up), dragonfly(PONG), disk(73%), mem(26Gi avail), brain.db(ok)
[2026-04-02 02:36:01 UTC] Health check: ALL OK — docker(6 containers up), dragonfly(PONG), disk(74%), mem(26Gi avail), brain.db(exists 156K)
[2026-04-02 03:06:35 UTC] Health check: ALL OK | Docker: 6 containers up | DragonflyDB: PONG | Disk: 74% | Mem: 26Gi available | brain/striker.db: 172K
[2026-04-02 03:44:30 UTC] Health check OK — docker(7 containers up), dragonfly(PONG), disk(74%), mem(26Gi avail), brain.db(ok)
[2026-04-02 04:15:09 UTC] Health OK — docker: 7 containers up, dragonfly: PONG, disk: 74% (12G free), mem: 26Gi/31Gi avail, brain/striker.db: 172K present
[2026-04-02 04:54:30 UTC] Health check: ALL OK — docker ✓, dragonfly ✓, disk 74% ✓, mem 26Gi ✓, brain.db ✓
[2026-04-02 05:24:52 UTC] Health check: ALL OK | Docker: 6 containers up | Dragonfly: PONG | Disk: 74% (33G/45G) | RAM: 26Gi available | Brain DB: 176K
[2026-04-02 05:55:42 UTC] Health check: ALL OK | Docker: 6/6 up | DragonflyDB: PONG | Disk: 74% | RAM: 26Gi avail | brain/striker.db: 180K
[2026-04-02 06:26:17 UTC] Health check OK — Docker(7 containers up), Dragonfly(PONG), Disk(74%/12G free), Mem(26Gi/31Gi avail), brain/striker.db(176K present)
2026-04-02 06:56:58 UTC | ALL OK | docker:6/6 dragonfly:healthy firecrawl:up | disk:74% | mem:26Gi avail | brain:ok
[2026-04-02 07:27:03 UTC] Health check OK — containers up, dragonfly PONG, disk 74%, mem 26Gi avail, striker.db accessible
[2026-04-02 07:58:06 UTC] Health check OK — Docker(6/6), DragonflyDB(PONG), Disk(74%), RAM(26Gi avail), striker.db(OK)
2026-04-02 08:28:58 OK — all systems healthy
2026-04-02 08:59:32 UTC | Health check OK | Docker: all up | Dragonfly: PONG | Disk: 75% (12G free) | Mem: 26Gi avail | DB: OK
[2026-04-02 09:30:23] OK — all systems nominal
[2026-04-02 10:01:03] HEALTH CHECK — ALL OK (docker: 6 containers up, dragonfly: PONG, disk: 75%, mem: 26Gi avail, striker.db: 35 tables)
[2026-04-02 10:31:50] All systems nominal
[2026-04-02 11:10:33 UTC] Health check OK — docker(6 containers up), dragonfly(PONG), disk(75%), mem(26Gi avail), db(ok)
[2026-04-02 11:41:44 UTC] Health check: ALL GREEN. Docker(dragonfly+firecrawl up 24h), DragonflyDB PONG, Disk 75%, RAM 26Gi avail, striker.db 240KB present. Note: sqlite3 CLI not installed (non-issue, Python sqlite3 works).
[2026-04-02 13:27:51] Health check OK — all systems nominal
[2026-04-02 13:58:32] All systems nominal
[2026-04-02 14:30:14 UTC] Health check OK — docker(6/6), dragonfly(PONG), disk(75%), mem(26Gi avail), db(240K)
[2026-04-02 15:02:25 UTC] Health check OK — docker✓ dragonfly✓ disk:75%✓ mem:25Gi✓ db✓
2026-04-02 15:35:10 HEALTH CHECK — ALL OK
[2026-04-02 16:07:30] ISSUES: ⚠️ striker.db issue: -rw-r--r-- 1 x x 245760 Apr  2 15:15 /home/x/striker/brain/striker.db
Command sqlite3 not found, but can be installed with:
sudo apt install sqlite3
[2026-04-02 16:39:32 UTC] Health check: ALL GREEN — docker(6 containers up 29h), dragonfly(PONG), disk(75%), mem(25Gi avail), striker.db(ok)
2026-04-02 17:12:56 HEALTH CHECK — ALL OK
[2026-04-02 17:49:26 UTC] Health check OK — Docker(7 containers up), DragonflyDB(PONG), Disk(75%), Mem(26Gi avail), striker.db(ok)
[2026-04-02 18:22:49] All systems nominal
[2026-04-02 18:56:03 UTC] Health check OK — all containers up, DragonflyDB PONG, disk 75%, mem 26Gi avail, striker.db present
[2026-04-02 19:33:14] All systems nominal — docker, dragonfly, disk, memory, db OK
[2026-04-02 20:05:33] HEALTH CHECK — 1 issue(s): ⚠️ striker.db issue: -rw-r--r-- 1 x x 245760 Apr  2 15:15 /home/x/striker/brain/striker.db
Command sqlite3 not found, but can be installed with:
sudo apt install sqlite3
[2026-04-03 02:28:44 UTC] Health OK — docker: dragonfly firecrawl-api-1 firecrawl-redis-1 firecrawl-nuq-postgres-1 firecrawl-playwright-service-1 firecrawl-rabbitmq-1  | dragonfly: PONG | disk: 75% used, 12G free | mem: 25Gi avail of 31Gi | brain.db: present | fixes: none
[2026-04-03 02:29:08 UTC] Health OK — docker: dragonfly firecrawl-api-1 firecrawl-redis-1 firecrawl-nuq-postgres-1 firecrawl-playwright-service-1 firecrawl-rabbitmq-1  | dragonfly: PONG | disk: 75% used, 12G free | mem: 25Gi avail of 31Gi | brain.db: present | fixes: none
[2026-04-03 02:44:12 UTC] Health OK — docker: dragonfly firecrawl-api-1 firecrawl-redis-1 firecrawl-nuq-postgres-1 firecrawl-playwright-service-1 firecrawl-rabbitmq-1  | dragonfly: PONG | disk: 75% used, 12G free | mem: 25Gi avail of 31Gi | brain.db: present | fixes: none
[2026-04-03 02:59:16 UTC] Health OK — docker: dragonfly firecrawl-api-1 firecrawl-redis-1 firecrawl-nuq-postgres-1 firecrawl-playwright-service-1 firecrawl-rabbitmq-1  | dragonfly: PONG | disk: 77% used, 11G free | mem: 24Gi avail of 31Gi | brain.db: present | fixes: none
[2026-04-03 03:14:22 UTC] Health OK — docker: dragonfly firecrawl-api-1 firecrawl-redis-1 firecrawl-nuq-postgres-1 firecrawl-playwright-service-1 firecrawl-rabbitmq-1  | dragonfly: PONG | disk: 77% used, 11G free | mem: 25Gi avail of 31Gi | brain.db: present | fixes: none
[2026-04-03 03:29:27 UTC] Health OK — docker: dragonfly firecrawl-api-1 firecrawl-redis-1 firecrawl-nuq-postgres-1 firecrawl-playwright-service-1 firecrawl-rabbitmq-1  | dragonfly: PONG | disk: 77% used, 11G free | mem: 25Gi avail of 31Gi | brain.db: present | fixes: none
[2026-04-03 03:44:30 UTC] Health OK — docker: dragonfly firecrawl-api-1 firecrawl-redis-1 firecrawl-nuq-postgres-1 firecrawl-playwright-service-1 firecrawl-rabbitmq-1  | dragonfly: PONG | disk: 77% used, 11G free | mem: 25Gi avail of 31Gi | brain.db: present | fixes: none
[2026-04-03 03:59:42 UTC] Health OK — docker: dragonfly firecrawl-api-1 firecrawl-redis-1 firecrawl-nuq-postgres-1 firecrawl-playwright-service-1 firecrawl-rabbitmq-1  | dragonfly: PONG | disk: 77% used, 11G free | mem: 25Gi avail of 31Gi | brain.db: present | fixes: none
[2026-04-03 04:14:48 UTC] Health OK — docker: dragonfly firecrawl-api-1 firecrawl-redis-1 firecrawl-nuq-postgres-1 firecrawl-playwright-service-1 firecrawl-rabbitmq-1  | dragonfly: PONG | disk: 77% used, 11G free | mem: 25Gi avail of 31Gi | brain.db: present | fixes: none
[2026-04-03 04:29:55 UTC] Health OK — docker: dragonfly firecrawl-api-1 firecrawl-redis-1 firecrawl-nuq-postgres-1 firecrawl-playwright-service-1 firecrawl-rabbitmq-1  | dragonfly: PONG | disk: 77% used, 11G free | mem: 25Gi avail of 31Gi | brain.db: present | fixes: none
[2026-04-03 04:45:02 UTC] Health OK — docker: dragonfly firecrawl-api-1 firecrawl-redis-1 firecrawl-nuq-postgres-1 firecrawl-playwright-service-1 firecrawl-rabbitmq-1  | dragonfly: PONG | disk: 77% used, 11G free | mem: 25Gi avail of 31Gi | brain.db: present | fixes: none
[2026-04-03 05:00:03 UTC] Health OK — docker: dragonfly firecrawl-api-1 firecrawl-redis-1 firecrawl-nuq-postgres-1 firecrawl-playwright-service-1 firecrawl-rabbitmq-1  | dragonfly: PONG | disk: 77% used, 11G free | mem: 25Gi avail of 31Gi | brain.db: present | fixes: none
[2026-04-03 05:15:04 UTC] Health OK — docker: dragonfly firecrawl-api-1 firecrawl-redis-1 firecrawl-nuq-postgres-1 firecrawl-playwright-service-1 firecrawl-rabbitmq-1  | dragonfly: PONG | disk: 77% used, 11G free | mem: 25Gi avail of 31Gi | brain.db: present | fixes: none
[2026-04-03 05:30:04 UTC] Health OK — docker: dragonfly firecrawl-api-1 firecrawl-redis-1 firecrawl-nuq-postgres-1 firecrawl-playwright-service-1 firecrawl-rabbitmq-1  | dragonfly: PONG | disk: 77% used, 11G free | mem: 26Gi avail of 31Gi | brain.db: present | fixes: none
[2026-04-03 05:45:05 UTC] Health OK — docker: dragonfly firecrawl-api-1 firecrawl-redis-1 firecrawl-nuq-postgres-1 firecrawl-playwright-service-1 firecrawl-rabbitmq-1  | dragonfly: PONG | disk: 78% used, 9.9G free | mem: 26Gi avail of 31Gi | brain.db: present | fixes: none
[2026-04-03 06:00:12 UTC] Health OK — docker: dragonfly firecrawl-api-1 firecrawl-redis-1 firecrawl-nuq-postgres-1 firecrawl-playwright-service-1 firecrawl-rabbitmq-1  | dragonfly: PONG | disk: 78% used, 9.9G free | mem: 26Gi avail of 31Gi | brain.db: present | fixes: none
[2026-04-03 06:15:22 UTC] Health OK — docker: dragonfly firecrawl-api-1 firecrawl-redis-1 firecrawl-nuq-postgres-1 firecrawl-playwright-service-1 firecrawl-rabbitmq-1  | dragonfly: PONG | disk: 78% used, 9.9G free | mem: 26Gi avail of 31Gi | brain.db: present | fixes: none
[2026-04-03 06:30:52 UTC] Health OK — docker: dragonfly firecrawl-api-1 firecrawl-redis-1 firecrawl-nuq-postgres-1 firecrawl-playwright-service-1 firecrawl-rabbitmq-1  | dragonfly: PONG | disk: 78% used, 9.9G free | mem: 26Gi avail of 31Gi | brain.db: present | fixes: none
[2026-04-03 06:46:08 UTC] Health OK — docker: dragonfly firecrawl-api-1 firecrawl-redis-1 firecrawl-nuq-postgres-1 firecrawl-playwright-service-1 firecrawl-rabbitmq-1  | dragonfly: PONG | disk: 78% used, 9.9G free | mem: 26Gi avail of 31Gi | brain.db: present | fixes: none
[2026-04-03 07:01:09 UTC] Health OK — docker: dragonfly firecrawl-api-1 firecrawl-redis-1 firecrawl-nuq-postgres-1 firecrawl-playwright-service-1 firecrawl-rabbitmq-1  | dragonfly: PONG | disk: 78% used, 9.9G free | mem: 26Gi avail of 31Gi | brain.db: present | fixes: none
[2026-04-03 07:16:09 UTC] Health OK — docker: dragonfly firecrawl-api-1 firecrawl-redis-1 firecrawl-nuq-postgres-1 firecrawl-playwright-service-1 firecrawl-rabbitmq-1  | dragonfly: PONG | disk: 78% used, 9.9G free | mem: 26Gi avail of 31Gi | brain.db: present | fixes: none
[2026-04-03 07:31:10 UTC] Health OK — docker: dragonfly firecrawl-api-1 firecrawl-redis-1 firecrawl-nuq-postgres-1 firecrawl-playwright-service-1 firecrawl-rabbitmq-1  | dragonfly: PONG | disk: 78% used, 9.9G free | mem: 26Gi avail of 31Gi | brain.db: present | fixes: none
[2026-04-03 07:46:11 UTC] Health OK — docker: dragonfly firecrawl-api-1 firecrawl-redis-1 firecrawl-nuq-postgres-1 firecrawl-playwright-service-1 firecrawl-rabbitmq-1  | dragonfly: PONG | disk: 78% used, 9.9G free | mem: 26Gi avail of 31Gi | brain.db: present | fixes: none
[2026-04-03 08:01:12 UTC] Health OK — docker: dragonfly firecrawl-api-1 firecrawl-redis-1 firecrawl-nuq-postgres-1 firecrawl-playwright-service-1 firecrawl-rabbitmq-1  | dragonfly: PONG | disk: 78% used, 9.9G free | mem: 26Gi avail of 31Gi | brain.db: present | fixes: none
[2026-04-03 08:16:12 UTC] Health OK — docker: dragonfly firecrawl-api-1 firecrawl-redis-1 firecrawl-nuq-postgres-1 firecrawl-playwright-service-1 firecrawl-rabbitmq-1  | dragonfly: PONG | disk: 78% used, 9.9G free | mem: 26Gi avail of 31Gi | brain.db: present | fixes: none
[2026-04-03 08:31:13 UTC] Health OK — docker: dragonfly firecrawl-api-1 firecrawl-redis-1 firecrawl-nuq-postgres-1 firecrawl-playwright-service-1 firecrawl-rabbitmq-1  | dragonfly: PONG | disk: 78% used, 9.9G free | mem: 26Gi avail of 31Gi | brain.db: present | fixes: none
[2026-04-03 08:46:14 UTC] Health OK — docker: dragonfly firecrawl-api-1 firecrawl-redis-1 firecrawl-nuq-postgres-1 firecrawl-playwright-service-1 firecrawl-rabbitmq-1  | dragonfly: PONG | disk: 78% used, 9.9G free | mem: 26Gi avail of 31Gi | brain.db: present | fixes: none
[2026-04-03 09:01:14 UTC] Health OK — docker: dragonfly firecrawl-api-1 firecrawl-redis-1 firecrawl-nuq-postgres-1 firecrawl-playwright-service-1 firecrawl-rabbitmq-1  | dragonfly: PONG | disk: 78% used, 9.8G free | mem: 26Gi avail of 31Gi | brain.db: present | fixes: none
[2026-04-03 09:16:15 UTC] Health OK — docker: dragonfly firecrawl-api-1 firecrawl-redis-1 firecrawl-nuq-postgres-1 firecrawl-playwright-service-1 firecrawl-rabbitmq-1  | dragonfly: PONG | disk: 78% used, 9.9G free | mem: 26Gi avail of 31Gi | brain.db: present | fixes: none
[2026-04-03 09:31:16 UTC] Health OK — docker: dragonfly firecrawl-api-1 firecrawl-redis-1 firecrawl-nuq-postgres-1 firecrawl-playwright-service-1 firecrawl-rabbitmq-1  | dragonfly: PONG | disk: 78% used, 9.9G free | mem: 26Gi avail of 31Gi | brain.db: present | fixes: none
[2026-04-03 09:46:17 UTC] Health OK — docker: dragonfly firecrawl-api-1 firecrawl-redis-1 firecrawl-nuq-postgres-1 firecrawl-playwright-service-1 firecrawl-rabbitmq-1  | dragonfly: PONG | disk: 78% used, 9.9G free | mem: 26Gi avail of 31Gi | brain.db: present | fixes: none
[2026-04-03 10:01:17 UTC] Health OK — docker: dragonfly firecrawl-api-1 firecrawl-redis-1 firecrawl-nuq-postgres-1 firecrawl-playwright-service-1 firecrawl-rabbitmq-1  | dragonfly: PONG | disk: 78% used, 9.9G free | mem: 26Gi avail of 31Gi | brain.db: present | fixes: none
[2026-04-03 10:16:18 UTC] Health OK — docker: dragonfly firecrawl-api-1 firecrawl-redis-1 firecrawl-nuq-postgres-1 firecrawl-playwright-service-1 firecrawl-rabbitmq-1  | dragonfly: PONG | disk: 78% used, 9.9G free | mem: 26Gi avail of 31Gi | brain.db: present | fixes: none
[2026-04-03 10:31:18 UTC] Health OK — docker: dragonfly firecrawl-api-1 firecrawl-redis-1 firecrawl-nuq-postgres-1 firecrawl-playwright-service-1 firecrawl-rabbitmq-1  | dragonfly: PONG | disk: 78% used, 9.8G free | mem: 26Gi avail of 31Gi | brain.db: present | fixes: none
[2026-04-03 10:46:19 UTC] Health OK — docker: dragonfly firecrawl-api-1 firecrawl-redis-1 firecrawl-nuq-postgres-1 firecrawl-playwright-service-1 firecrawl-rabbitmq-1  | dragonfly: PONG | disk: 78% used, 9.8G free | mem: 26Gi avail of 31Gi | brain.db: present | fixes: none
[2026-04-03 11:01:20 UTC] Health OK — docker: dragonfly firecrawl-api-1 firecrawl-redis-1 firecrawl-nuq-postgres-1 firecrawl-playwright-service-1 firecrawl-rabbitmq-1  | dragonfly: PONG | disk: 78% used, 9.8G free | mem: 26Gi avail of 31Gi | brain.db: present | fixes: none
[2026-04-03 11:16:21 UTC] Health OK — docker: dragonfly firecrawl-api-1 firecrawl-redis-1 firecrawl-nuq-postgres-1 firecrawl-playwright-service-1 firecrawl-rabbitmq-1  | dragonfly: PONG | disk: 78% used, 9.8G free | mem: 26Gi avail of 31Gi | brain.db: present | fixes: none
[2026-04-03 11:31:22 UTC] Health OK — docker: dragonfly firecrawl-api-1 firecrawl-redis-1 firecrawl-nuq-postgres-1 firecrawl-playwright-service-1 firecrawl-rabbitmq-1  | dragonfly: PONG | disk: 78% used, 9.8G free | mem: 26Gi avail of 31Gi | brain.db: present | fixes: none
[2026-04-03 11:46:22 UTC] Health OK — docker: dragonfly firecrawl-api-1 firecrawl-redis-1 firecrawl-nuq-postgres-1 firecrawl-playwright-service-1 firecrawl-rabbitmq-1  | dragonfly: PONG | disk: 78% used, 9.8G free | mem: 26Gi avail of 31Gi | brain.db: present | fixes: none
[2026-04-03 12:01:23 UTC] Health OK — docker: dragonfly firecrawl-api-1 firecrawl-redis-1 firecrawl-nuq-postgres-1 firecrawl-playwright-service-1 firecrawl-rabbitmq-1  | dragonfly: PONG | disk: 78% used, 9.8G free | mem: 26Gi avail of 31Gi | brain.db: present | fixes: none
[2026-04-03 12:16:24 UTC] Health OK — docker: dragonfly firecrawl-api-1 firecrawl-redis-1 firecrawl-nuq-postgres-1 firecrawl-playwright-service-1 firecrawl-rabbitmq-1  | dragonfly: PONG | disk: 78% used, 9.8G free | mem: 26Gi avail of 31Gi | brain.db: present | fixes: none
[2026-04-03 12:31:25 UTC] Health OK — docker: dragonfly firecrawl-api-1 firecrawl-redis-1 firecrawl-nuq-postgres-1 firecrawl-playwright-service-1 firecrawl-rabbitmq-1  | dragonfly: PONG | disk: 78% used, 9.8G free | mem: 26Gi avail of 31Gi | brain.db: present | fixes: none
[2026-04-03 12:46:25 UTC] Health OK — docker: dragonfly firecrawl-api-1 firecrawl-redis-1 firecrawl-nuq-postgres-1 firecrawl-playwright-service-1 firecrawl-rabbitmq-1  | dragonfly: PONG | disk: 78% used, 9.8G free | mem: 26Gi avail of 31Gi | brain.db: present | fixes: none
[2026-04-03 13:01:26 UTC] Health OK — docker: dragonfly firecrawl-api-1 firecrawl-redis-1 firecrawl-nuq-postgres-1 firecrawl-playwright-service-1 firecrawl-rabbitmq-1  | dragonfly: PONG | disk: 78% used, 9.8G free | mem: 26Gi avail of 31Gi | brain.db: present | fixes: none
[2026-04-03 13:16:27 UTC] Health OK — docker: dragonfly firecrawl-api-1 firecrawl-redis-1 firecrawl-nuq-postgres-1 firecrawl-playwright-service-1 firecrawl-rabbitmq-1  | dragonfly: PONG | disk: 78% used, 9.8G free | mem: 26Gi avail of 31Gi | brain.db: present | fixes: none
[2026-04-03 13:31:27 UTC] Health OK — docker: dragonfly firecrawl-api-1 firecrawl-redis-1 firecrawl-nuq-postgres-1 firecrawl-playwright-service-1 firecrawl-rabbitmq-1  | dragonfly: PONG | disk: 78% used, 9.8G free | mem: 26Gi avail of 31Gi | brain.db: present | fixes: none
[2026-04-03 13:46:42 UTC] Health OK — docker: dragonfly firecrawl-api-1 firecrawl-redis-1 firecrawl-nuq-postgres-1 firecrawl-playwright-service-1 firecrawl-rabbitmq-1  | dragonfly: PONG | disk: 78% used, 9.8G free | mem: 26Gi avail of 31Gi | brain.db: present | fixes: none
[2026-04-03 14:01:55 UTC] Health OK — docker: dragonfly firecrawl-api-1 firecrawl-redis-1 firecrawl-nuq-postgres-1 firecrawl-playwright-service-1 firecrawl-rabbitmq-1  | dragonfly: PONG | disk: 78% used, 9.8G free | mem: 26Gi avail of 31Gi | brain.db: present | fixes: none
[2026-04-03 14:17:12 UTC] Health OK — docker: dragonfly firecrawl-api-1 firecrawl-redis-1 firecrawl-nuq-postgres-1 firecrawl-playwright-service-1 firecrawl-rabbitmq-1  | dragonfly: PONG | disk: 78% used, 9.8G free | mem: 26Gi avail of 31Gi | brain.db: present | fixes: none
[2026-04-03 14:32:22 UTC] Health OK — docker: dragonfly firecrawl-api-1 firecrawl-redis-1 firecrawl-nuq-postgres-1 firecrawl-playwright-service-1 firecrawl-rabbitmq-1  | dragonfly: PONG | disk: 78% used, 9.8G free | mem: 26Gi avail of 31Gi | brain.db: present | fixes: none
[2026-04-03 14:47:25 UTC] Health OK — docker: dragonfly firecrawl-api-1 firecrawl-redis-1 firecrawl-nuq-postgres-1 firecrawl-playwright-service-1 firecrawl-rabbitmq-1  | dragonfly: PONG | disk: 78% used, 9.8G free | mem: 26Gi avail of 31Gi | brain.db: present | fixes: none
[2026-04-03 15:02:26 UTC] Health OK — docker: dragonfly firecrawl-api-1 firecrawl-redis-1 firecrawl-nuq-postgres-1 firecrawl-playwright-service-1 firecrawl-rabbitmq-1  | dragonfly: PONG | disk: 78% used, 9.8G free | mem: 26Gi avail of 31Gi | brain.db: present | fixes: none
[2026-04-03 15:17:32 UTC] Health OK — docker: dragonfly firecrawl-api-1 firecrawl-redis-1 firecrawl-nuq-postgres-1 firecrawl-playwright-service-1 firecrawl-rabbitmq-1  | dragonfly: PONG | disk: 78% used, 9.8G free | mem: 26Gi avail of 31Gi | brain.db: present | fixes: none
[2026-04-03 15:32:42 UTC] Health OK — docker: dragonfly firecrawl-api-1 firecrawl-redis-1 firecrawl-nuq-postgres-1 firecrawl-playwright-service-1 firecrawl-rabbitmq-1  | dragonfly: PONG | disk: 78% used, 9.8G free | mem: 26Gi avail of 31Gi | brain.db: present | fixes: none
[2026-04-03 15:47:42 UTC] Health OK — docker: dragonfly firecrawl-api-1 firecrawl-redis-1 firecrawl-nuq-postgres-1 firecrawl-playwright-service-1 firecrawl-rabbitmq-1  | dragonfly: PONG | disk: 78% used, 9.8G free | mem: 26Gi avail of 31Gi | brain.db: present | fixes: none
[2026-04-03 16:02:47 UTC] Health OK — docker: dragonfly firecrawl-api-1 firecrawl-redis-1 firecrawl-nuq-postgres-1 firecrawl-playwright-service-1 firecrawl-rabbitmq-1  | dragonfly: PONG | disk: 78% used, 9.8G free | mem: 25Gi avail of 31Gi | brain.db: present | fixes: none
[2026-04-03 16:18:06 UTC] Health OK — docker: dragonfly firecrawl-api-1 firecrawl-redis-1 firecrawl-nuq-postgres-1 firecrawl-playwright-service-1 firecrawl-rabbitmq-1  | dragonfly: PONG | disk: 78% used, 9.8G free | mem: 26Gi avail of 31Gi | brain.db: present | fixes: none
[2026-04-03 16:33:07 UTC] Health OK — docker: dragonfly firecrawl-api-1 firecrawl-redis-1 firecrawl-nuq-postgres-1 firecrawl-playwright-service-1 firecrawl-rabbitmq-1  | dragonfly: PONG | disk: 78% used, 9.8G free | mem: 26Gi avail of 31Gi | brain.db: present | fixes: none
[2026-04-03 16:48:07 UTC] Health OK — docker: dragonfly firecrawl-api-1 firecrawl-redis-1 firecrawl-nuq-postgres-1 firecrawl-playwright-service-1 firecrawl-rabbitmq-1  | dragonfly: PONG | disk: 78% used, 9.8G free | mem: 26Gi avail of 31Gi | brain.db: present | fixes: none
[2026-04-03 17:03:08 UTC] Health OK — docker: dragonfly firecrawl-api-1 firecrawl-redis-1 firecrawl-nuq-postgres-1 firecrawl-playwright-service-1 firecrawl-rabbitmq-1  | dragonfly: PONG | disk: 78% used, 9.8G free | mem: 26Gi avail of 31Gi | brain.db: present | fixes: none
[2026-04-03 17:18:09 UTC] Health OK — docker: dragonfly firecrawl-api-1 firecrawl-redis-1 firecrawl-nuq-postgres-1 firecrawl-playwright-service-1 firecrawl-rabbitmq-1  | dragonfly: PONG | disk: 78% used, 9.8G free | mem: 26Gi avail of 31Gi | brain.db: present | fixes: none
[2026-04-03 17:33:10 UTC] Health OK — docker: dragonfly firecrawl-api-1 firecrawl-redis-1 firecrawl-nuq-postgres-1 firecrawl-playwright-service-1 firecrawl-rabbitmq-1  | dragonfly: PONG | disk: 78% used, 9.8G free | mem: 26Gi avail of 31Gi | brain.db: present | fixes: none
[2026-04-03 17:48:10 UTC] Health OK — docker: dragonfly firecrawl-api-1 firecrawl-redis-1 firecrawl-nuq-postgres-1 firecrawl-playwright-service-1 firecrawl-rabbitmq-1  | dragonfly: PONG | disk: 78% used, 9.8G free | mem: 26Gi avail of 31Gi | brain.db: present | fixes: none
[2026-04-03 18:03:11 UTC] Health OK — docker: dragonfly firecrawl-api-1 firecrawl-redis-1 firecrawl-nuq-postgres-1 firecrawl-playwright-service-1 firecrawl-rabbitmq-1  | dragonfly: PONG | disk: 78% used, 9.8G free | mem: 26Gi avail of 31Gi | brain.db: present | fixes: none
[2026-04-03 18:18:12 UTC] Health OK — docker: dragonfly firecrawl-api-1 firecrawl-redis-1 firecrawl-nuq-postgres-1 firecrawl-playwright-service-1 firecrawl-rabbitmq-1  | dragonfly: PONG | disk: 78% used, 9.8G free | mem: 26Gi avail of 31Gi | brain.db: present | fixes: none
[2026-04-03 18:33:13 UTC] Health OK — docker: dragonfly firecrawl-api-1 firecrawl-redis-1 firecrawl-nuq-postgres-1 firecrawl-playwright-service-1 firecrawl-rabbitmq-1  | dragonfly: PONG | disk: 78% used, 9.8G free | mem: 26Gi avail of 31Gi | brain.db: present | fixes: none
[2026-04-03 18:48:13 UTC] Health OK — docker: dragonfly firecrawl-api-1 firecrawl-redis-1 firecrawl-nuq-postgres-1 firecrawl-playwright-service-1 firecrawl-rabbitmq-1  | dragonfly: PONG | disk: 78% used, 9.8G free | mem: 26Gi avail of 31Gi | brain.db: present | fixes: none
[2026-04-03 19:03:14 UTC] Health OK — docker: dragonfly firecrawl-api-1 firecrawl-redis-1 firecrawl-nuq-postgres-1 firecrawl-playwright-service-1 firecrawl-rabbitmq-1  | dragonfly: PONG | disk: 78% used, 9.8G free | mem: 26Gi avail of 31Gi | brain.db: present | fixes: none
[2026-04-03 19:18:15 UTC] Health OK — docker: dragonfly firecrawl-api-1 firecrawl-redis-1 firecrawl-nuq-postgres-1 firecrawl-playwright-service-1 firecrawl-rabbitmq-1  | dragonfly: PONG | disk: 78% used, 9.8G free | mem: 26Gi avail of 31Gi | brain.db: present | fixes: none
[2026-04-03 19:33:16 UTC] Health OK — docker: dragonfly firecrawl-api-1 firecrawl-redis-1 firecrawl-nuq-postgres-1 firecrawl-playwright-service-1 firecrawl-rabbitmq-1  | dragonfly: PONG | disk: 78% used, 9.8G free | mem: 26Gi avail of 31Gi | brain.db: present | fixes: none
[2026-04-03 19:48:17 UTC] Health OK — docker: dragonfly firecrawl-api-1 firecrawl-redis-1 firecrawl-nuq-postgres-1 firecrawl-playwright-service-1 firecrawl-rabbitmq-1  | dragonfly: PONG | disk: 78% used, 9.8G free | mem: 26Gi avail of 31Gi | brain.db: present | fixes: none
[2026-04-03 20:03:17 UTC] Health OK — docker: dragonfly firecrawl-api-1 firecrawl-redis-1 firecrawl-nuq-postgres-1 firecrawl-playwright-service-1 firecrawl-rabbitmq-1  | dragonfly: PONG | disk: 78% used, 9.8G free | mem: 26Gi avail of 31Gi | brain.db: present | fixes: none
[2026-04-03 20:18:18 UTC] Health OK — docker: dragonfly firecrawl-api-1 firecrawl-redis-1 firecrawl-nuq-postgres-1 firecrawl-playwright-service-1 firecrawl-rabbitmq-1  | dragonfly: PONG | disk: 78% used, 9.8G free | mem: 26Gi avail of 31Gi | brain.db: present | fixes: none
[2026-04-03 20:33:19 UTC] Health OK — docker: dragonfly firecrawl-api-1 firecrawl-redis-1 firecrawl-nuq-postgres-1 firecrawl-playwright-service-1 firecrawl-rabbitmq-1  | dragonfly: PONG | disk: 78% used, 9.8G free | mem: 26Gi avail of 31Gi | brain.db: present | fixes: none
[2026-04-03 20:48:20 UTC] Health OK — docker: dragonfly firecrawl-api-1 firecrawl-redis-1 firecrawl-nuq-postgres-1 firecrawl-playwright-service-1 firecrawl-rabbitmq-1  | dragonfly: PONG | disk: 78% used, 9.8G free | mem: 25Gi avail of 31Gi | brain.db: present | fixes: none
[2026-04-03 21:03:21 UTC] Health OK — docker: dragonfly firecrawl-api-1 firecrawl-redis-1 firecrawl-nuq-postgres-1 firecrawl-playwright-service-1 firecrawl-rabbitmq-1  | dragonfly: PONG | disk: 78% used, 9.8G free | mem: 26Gi avail of 31Gi | brain.db: present | fixes: none
[2026-04-03 21:18:21 UTC] Health OK — docker: dragonfly firecrawl-api-1 firecrawl-redis-1 firecrawl-nuq-postgres-1 firecrawl-playwright-service-1 firecrawl-rabbitmq-1  | dragonfly: PONG | disk: 78% used, 9.8G free | mem: 25Gi avail of 31Gi | brain.db: present | fixes: none
[2026-04-03 21:33:22 UTC] Health OK — docker: dragonfly firecrawl-api-1 firecrawl-redis-1 firecrawl-nuq-postgres-1 firecrawl-playwright-service-1 firecrawl-rabbitmq-1  | dragonfly: PONG | disk: 78% used, 9.8G free | mem: 26Gi avail of 31Gi | brain.db: present | fixes: none
[2026-04-03 21:48:22 UTC] Health OK — docker: dragonfly firecrawl-api-1 firecrawl-redis-1 firecrawl-nuq-postgres-1 firecrawl-playwright-service-1 firecrawl-rabbitmq-1  | dragonfly: PONG | disk: 78% used, 9.8G free | mem: 25Gi avail of 31Gi | brain.db: present | fixes: none
[2026-04-03 22:03:24 UTC] Health OK — docker: dragonfly firecrawl-api-1 firecrawl-redis-1 firecrawl-nuq-postgres-1 firecrawl-playwright-service-1 firecrawl-rabbitmq-1  | dragonfly: PONG | disk: 78% used, 9.8G free | mem: 26Gi avail of 31Gi | brain.db: present | fixes: none
[2026-04-03 22:18:24 UTC] Health OK — docker: dragonfly firecrawl-api-1 firecrawl-redis-1 firecrawl-nuq-postgres-1 firecrawl-playwright-service-1 firecrawl-rabbitmq-1  | dragonfly: PONG | disk: 78% used, 9.7G free | mem: 26Gi avail of 31Gi | brain.db: present | fixes: none
[2026-04-03 22:33:25 UTC] Health OK — docker: dragonfly firecrawl-api-1 firecrawl-redis-1 firecrawl-nuq-postgres-1 firecrawl-playwright-service-1 firecrawl-rabbitmq-1  | dragonfly: PONG | disk: 78% used, 9.7G free | mem: 26Gi avail of 31Gi | brain.db: present | fixes: none
[2026-04-03 22:48:26 UTC] Health OK — docker: dragonfly firecrawl-api-1 firecrawl-redis-1 firecrawl-nuq-postgres-1 firecrawl-playwright-service-1 firecrawl-rabbitmq-1  | dragonfly: PONG | disk: 78% used, 9.7G free | mem: 26Gi avail of 31Gi | brain.db: present | fixes: none
[2026-04-03 23:03:27 UTC] Health OK — docker: dragonfly firecrawl-api-1 firecrawl-redis-1 firecrawl-nuq-postgres-1 firecrawl-playwright-service-1 firecrawl-rabbitmq-1  | dragonfly: PONG | disk: 78% used, 9.7G free | mem: 26Gi avail of 31Gi | brain.db: present | fixes: none
[2026-04-03 23:18:28 UTC] Health OK — docker: dragonfly firecrawl-api-1 firecrawl-redis-1 firecrawl-nuq-postgres-1 firecrawl-playwright-service-1 firecrawl-rabbitmq-1  | dragonfly: PONG | disk: 79% used, 9.7G free | mem: 25Gi avail of 31Gi | brain.db: present | fixes: none
[2026-04-03 23:33:40 UTC] Health OK — docker: dragonfly firecrawl-api-1 firecrawl-redis-1 firecrawl-nuq-postgres-1 firecrawl-playwright-service-1 firecrawl-rabbitmq-1  | dragonfly: PONG | disk: 79% used, 9.7G free | mem: 25Gi avail of 31Gi | brain.db: present | fixes: none
[2026-04-03 23:48:52 UTC] Health OK — docker: dragonfly firecrawl-api-1 firecrawl-redis-1 firecrawl-nuq-postgres-1 firecrawl-playwright-service-1 firecrawl-rabbitmq-1  | dragonfly: PONG | disk: 79% used, 9.7G free | mem: 26Gi avail of 31Gi | brain.db: present | fixes: none
[2026-04-04 00:04:12 UTC] Health OK — docker: dragonfly firecrawl-api-1 firecrawl-redis-1 firecrawl-nuq-postgres-1 firecrawl-playwright-service-1 firecrawl-rabbitmq-1  | dragonfly: PONG | disk: 79% used, 9.7G free | mem: 25Gi avail of 31Gi | brain.db: present | fixes: none
[2026-04-04 00:19:30 UTC] Health OK — docker: dragonfly firecrawl-api-1 firecrawl-redis-1 firecrawl-nuq-postgres-1 firecrawl-playwright-service-1 firecrawl-rabbitmq-1  | dragonfly: PONG | disk: 79% used, 9.7G free | mem: 25Gi avail of 31Gi | brain.db: present | fixes: none
[2026-04-04 00:34:32 UTC] Health OK — docker: dragonfly firecrawl-api-1 firecrawl-redis-1 firecrawl-nuq-postgres-1 firecrawl-playwright-service-1 firecrawl-rabbitmq-1  | dragonfly: PONG | disk: 79% used, 9.7G free | mem: 25Gi avail of 31Gi | brain.db: present | fixes: none
[2026-04-04 00:49:33 UTC] Health OK — docker: dragonfly firecrawl-api-1 firecrawl-redis-1 firecrawl-nuq-postgres-1 firecrawl-playwright-service-1 firecrawl-rabbitmq-1  | dragonfly: PONG | disk: 79% used, 9.7G free | mem: 25Gi avail of 31Gi | brain.db: present | fixes: none
[2026-04-04 01:04:34 UTC] Health OK — docker: dragonfly firecrawl-api-1 firecrawl-redis-1 firecrawl-nuq-postgres-1 firecrawl-playwright-service-1 firecrawl-rabbitmq-1  | dragonfly: PONG | disk: 79% used, 9.7G free | mem: 25Gi avail of 31Gi | brain.db: present | fixes: none
[2026-04-04 01:19:34 UTC] Health OK — docker: dragonfly firecrawl-api-1 firecrawl-redis-1 firecrawl-nuq-postgres-1 firecrawl-playwright-service-1 firecrawl-rabbitmq-1  | dragonfly: PONG | disk: 79% used, 9.7G free | mem: 25Gi avail of 31Gi | brain.db: present | fixes: none
[2026-04-04 01:34:36 UTC] Health OK — docker: dragonfly firecrawl-api-1 firecrawl-redis-1 firecrawl-nuq-postgres-1 firecrawl-playwright-service-1 firecrawl-rabbitmq-1  | dragonfly: PONG | disk: 79% used, 9.7G free | mem: 25Gi avail of 31Gi | brain.db: present | fixes: none
[2026-04-04 01:49:55 UTC] Health OK — docker: dragonfly firecrawl-api-1 firecrawl-redis-1 firecrawl-nuq-postgres-1 firecrawl-playwright-service-1 firecrawl-rabbitmq-1  | dragonfly: PONG | disk: 79% used, 9.7G free | mem: 25Gi avail of 31Gi | brain.db: present | fixes: none
[2026-04-04 02:05:06 UTC] Health OK — docker: dragonfly firecrawl-api-1 firecrawl-redis-1 firecrawl-nuq-postgres-1 firecrawl-playwright-service-1 firecrawl-rabbitmq-1  | dragonfly: PONG | disk: 79% used, 9.7G free | mem: 25Gi avail of 31Gi | brain.db: present | fixes: none
[2026-04-04 02:20:12 UTC] Health OK — docker: dragonfly firecrawl-api-1 firecrawl-redis-1 firecrawl-nuq-postgres-1 firecrawl-playwright-service-1 firecrawl-rabbitmq-1  | dragonfly: PONG | disk: 79% used, 9.7G free | mem: 25Gi avail of 31Gi | brain.db: present | fixes: none
[2026-04-04 02:35:14 UTC] Health OK — docker: dragonfly firecrawl-api-1 firecrawl-redis-1 firecrawl-nuq-postgres-1 firecrawl-playwright-service-1 firecrawl-rabbitmq-1  | dragonfly: PONG | disk: 79% used, 9.7G free | mem: 25Gi avail of 31Gi | brain.db: present | fixes: none
[2026-04-04 02:50:26 UTC] Health OK — docker: dragonfly firecrawl-api-1 firecrawl-redis-1 firecrawl-nuq-postgres-1 firecrawl-playwright-service-1 firecrawl-rabbitmq-1  | dragonfly: PONG | disk: 79% used, 9.7G free | mem: 25Gi avail of 31Gi | brain.db: present | fixes: none
[2026-04-04 03:05:31 UTC] Health OK — docker: dragonfly firecrawl-api-1 firecrawl-redis-1 firecrawl-nuq-postgres-1 firecrawl-playwright-service-1 firecrawl-rabbitmq-1  | dragonfly: PONG | disk: 79% used, 9.7G free | mem: 25Gi avail of 31Gi | brain.db: present | fixes: none
[2026-04-04 03:20:32 UTC] Health OK — docker: dragonfly firecrawl-api-1 firecrawl-redis-1 firecrawl-nuq-postgres-1 firecrawl-playwright-service-1 firecrawl-rabbitmq-1  | dragonfly: PONG | disk: 79% used, 9.7G free | mem: 26Gi avail of 31Gi | brain.db: present | fixes: none
[2026-04-04 03:35:42 UTC] Health OK — docker: dragonfly firecrawl-api-1 firecrawl-redis-1 firecrawl-nuq-postgres-1 firecrawl-playwright-service-1 firecrawl-rabbitmq-1  | dragonfly: PONG | disk: 79% used, 9.7G free | mem: 26Gi avail of 31Gi | brain.db: present | fixes: none
[2026-04-04 03:50:52 UTC] Health OK — docker: dragonfly firecrawl-api-1 firecrawl-redis-1 firecrawl-nuq-postgres-1 firecrawl-playwright-service-1 firecrawl-rabbitmq-1  | dragonfly: PONG | disk: 79% used, 9.7G free | mem: 26Gi avail of 31Gi | brain.db: present | fixes: none
[2026-04-04 04:05:52 UTC] Health OK — docker: dragonfly firecrawl-api-1 firecrawl-redis-1 firecrawl-nuq-postgres-1 firecrawl-playwright-service-1 firecrawl-rabbitmq-1  | dragonfly: PONG | disk: 79% used, 9.7G free | mem: 26Gi avail of 31Gi | brain.db: present | fixes: none
[2026-04-04 04:21:02 UTC] Health OK — docker: dragonfly firecrawl-api-1 firecrawl-redis-1 firecrawl-nuq-postgres-1 firecrawl-playwright-service-1 firecrawl-rabbitmq-1  | dragonfly: PONG | disk: 79% used, 9.7G free | mem: 26Gi avail of 31Gi | brain.db: present | fixes: none
